mode: set
github.com/iilei/nopii/cmd/nopii/main.go:6.13,8.2 1 0
github.com/iilei/nopii/internal/cli/root.go:31.16,32.73 1 0
github.com/iilei/nopii/internal/cli/root.go:32.73,35.3 2 0
github.com/iilei/nopii/internal/cli/root.go:38.68,39.43 1 0
github.com/iilei/nopii/internal/cli/root.go:39.43,41.3 1 0
github.com/iilei/nopii/internal/cli/root.go:42.2,42.19 1 0
github.com/iilei/nopii/internal/cli/root.go:42.19,43.18 1 0
github.com/iilei/nopii/internal/cli/root.go:44.16,45.33 1 0
github.com/iilei/nopii/internal/cli/root.go:46.18,47.43 1 0
github.com/iilei/nopii/internal/cli/root.go:48.18,49.43 1 0
github.com/iilei/nopii/internal/cli/root.go:50.19,52.14 2 0
github.com/iilei/nopii/internal/cli/root.go:53.31,54.25 1 0
github.com/iilei/nopii/internal/cli/root.go:57.2,58.39 2 0
github.com/iilei/nopii/internal/cli/root.go:58.39,60.3 1 0
github.com/iilei/nopii/internal/cli/root.go:61.2,61.20 1 0
github.com/iilei/nopii/internal/cli/root.go:61.20,63.3 1 0
github.com/iilei/nopii/internal/cli/root.go:64.2,65.16 2 0
github.com/iilei/nopii/internal/cli/root.go:65.16,67.3 1 0
github.com/iilei/nopii/internal/cli/root.go:68.2,68.19 1 0
github.com/iilei/nopii/internal/cli/root.go:68.19,70.3 1 0
github.com/iilei/nopii/internal/cli/root.go:71.2,72.16 2 0
github.com/iilei/nopii/internal/cli/root.go:72.16,74.3 1 0
github.com/iilei/nopii/internal/cli/root.go:75.2,77.65 3 0
github.com/iilei/nopii/internal/cli/root.go:80.62,89.2 8 0
github.com/iilei/nopii/internal/cli/root.go:91.40,92.14 1 0
github.com/iilei/nopii/internal/cli/root.go:92.14,94.3 1 0
github.com/iilei/nopii/internal/cli/root.go:95.2,95.31 1 0
github.com/iilei/nopii/internal/cli/root.go:95.31,97.17 2 0
github.com/iilei/nopii/internal/cli/root.go:97.17,99.4 1 0
github.com/iilei/nopii/internal/cli/root.go:101.2,101.14 1 0
github.com/iilei/nopii/internal/cli/root.go:104.50,105.20 1 0
github.com/iilei/nopii/internal/cli/root.go:105.20,107.3 1 0
github.com/iilei/nopii/internal/cli/root.go:108.2,108.17 1 0
github.com/iilei/nopii/internal/cli/root.go:109.13,110.35 1 0
github.com/iilei/nopii/internal/cli/root.go:111.17,112.38 1 0
github.com/iilei/nopii/internal/cli/root.go:113.10,114.79 1 0
github.com/iilei/nopii/internal/cli/root.go:118.53,121.39 3 0
github.com/iilei/nopii/internal/cli/root.go:121.39,123.3 1 0
github.com/iilei/nopii/internal/cli/root.go:124.2,124.20 1 0
github.com/iilei/nopii/internal/cli/root.go:124.20,126.3 1 0
github.com/iilei/nopii/internal/cli/root.go:127.2,144.12 4 0
github.com/iilei/nopii/internal/cli/root.go:147.56,150.39 3 0
github.com/iilei/nopii/internal/cli/root.go:150.39,152.3 1 0
github.com/iilei/nopii/internal/cli/root.go:153.2,153.20 1 0
github.com/iilei/nopii/internal/cli/root.go:153.20,155.3 1 0
github.com/iilei/nopii/internal/cli/root.go:156.2,157.16 2 0
github.com/iilei/nopii/internal/cli/root.go:157.16,159.3 1 0
github.com/iilei/nopii/internal/cli/root.go:160.2,161.16 2 0
github.com/iilei/nopii/internal/cli/root.go:161.16,163.3 1 0
github.com/iilei/nopii/internal/cli/root.go:164.2,165.12 2 0
github.com/iilei/nopii/internal/cli/root.go:168.101,172.39 4 0
github.com/iilei/nopii/internal/cli/root.go:172.39,174.3 1 0
github.com/iilei/nopii/internal/cli/root.go:175.2,175.20 1 0
github.com/iilei/nopii/internal/cli/root.go:175.20,177.3 1 0
github.com/iilei/nopii/internal/cli/root.go:178.2,178.27 1 0
github.com/iilei/nopii/internal/cli/root.go:181.60,183.16 2 0
github.com/iilei/nopii/internal/cli/root.go:183.16,185.3 1 0
github.com/iilei/nopii/internal/cli/root.go:186.2,186.43 1 0
github.com/iilei/nopii/internal/cli/root.go:186.43,187.92 1 0
github.com/iilei/nopii/internal/cli/root.go:187.92,189.4 1 0
github.com/iilei/nopii/internal/cli/root.go:191.2,191.12 1 0
github.com/iilei/nopii/internal/cli/root.go:194.60,196.16 2 0
github.com/iilei/nopii/internal/cli/root.go:196.16,198.3 1 0
github.com/iilei/nopii/internal/cli/root.go:199.2,199.16 1 0
github.com/iilei/nopii/internal/cli/root.go:199.16,201.3 1 0
github.com/iilei/nopii/internal/cli/root.go:202.2,214.12 2 0
github.com/iilei/nopii/internal/cli/root.go:217.35,235.2 2 0
github.com/iilei/nopii/internal/pseudonym/pseudonym.go:17.59,19.2 1 1
github.com/iilei/nopii/internal/pseudonym/pseudonym.go:21.60,31.29 10 1
github.com/iilei/nopii/internal/pseudonym/pseudonym.go:31.29,33.3 1 0
github.com/iilei/nopii/internal/pseudonym/pseudonym.go:34.2,34.27 1 1
github.com/iilei/nopii/internal/pseudonym/pseudonym.go:37.66,39.2 1 1
github.com/iilei/nopii/internal/pseudonym/pseudonym.go:41.49,43.37 2 1
github.com/iilei/nopii/internal/pseudonym/pseudonym.go:44.15,45.28 1 1
github.com/iilei/nopii/internal/pseudonym/pseudonym.go:46.14,47.28 1 0
github.com/iilei/nopii/internal/pseudonym/pseudonym.go:48.10,49.11 1 1
github.com/iilei/nopii/internal/config/config.go:71.24,85.2 1 1
github.com/iilei/nopii/internal/config/config.go:87.45,89.16 2 1
github.com/iilei/nopii/internal/config/config.go:89.16,91.3 1 0
github.com/iilei/nopii/internal/config/config.go:92.2,93.16 2 1
github.com/iilei/nopii/internal/config/config.go:93.16,95.3 1 0
github.com/iilei/nopii/internal/config/config.go:96.2,97.16 2 1
github.com/iilei/nopii/internal/config/config.go:97.16,99.3 1 0
github.com/iilei/nopii/internal/config/config.go:100.2,101.6 2 1
github.com/iilei/nopii/internal/config/config.go:101.6,103.63 2 1
github.com/iilei/nopii/internal/config/config.go:103.63,105.4 1 1
github.com/iilei/nopii/internal/config/config.go:106.3,106.29 1 1
github.com/iilei/nopii/internal/config/config.go:106.29,107.9 1 0
github.com/iilei/nopii/internal/config/config.go:109.3,110.20 2 1
github.com/iilei/nopii/internal/config/config.go:110.20,111.9 1 0
github.com/iilei/nopii/internal/config/config.go:113.3,113.64 1 1
github.com/iilei/nopii/internal/config/config.go:113.64,114.9 1 0
github.com/iilei/nopii/internal/config/config.go:116.3,116.15 1 1
github.com/iilei/nopii/internal/config/config.go:118.2,118.16 1 0
github.com/iilei/nopii/internal/config/config.go:121.52,124.16 3 1
github.com/iilei/nopii/internal/config/config.go:124.16,126.3 1 0
github.com/iilei/nopii/internal/config/config.go:127.2,127.16 1 1
github.com/iilei/nopii/internal/config/config.go:127.16,128.47 1 1
github.com/iilei/nopii/internal/config/config.go:128.47,130.4 1 0
github.com/iilei/nopii/internal/config/config.go:132.2,133.45 2 1
github.com/iilei/nopii/internal/config/config.go:133.45,135.3 1 0
github.com/iilei/nopii/internal/config/config.go:136.2,136.23 1 1
github.com/iilei/nopii/internal/config/config.go:136.23,138.3 1 0
github.com/iilei/nopii/internal/config/config.go:139.2,139.23 1 1
github.com/iilei/nopii/internal/config/config.go:142.57,143.20 1 1
github.com/iilei/nopii/internal/config/config.go:143.20,145.17 2 1
github.com/iilei/nopii/internal/config/config.go:145.17,147.4 1 0
github.com/iilei/nopii/internal/config/config.go:148.3,148.41 1 1
github.com/iilei/nopii/internal/config/config.go:148.41,150.4 1 0
github.com/iilei/nopii/internal/config/config.go:151.3,151.19 1 1
github.com/iilei/nopii/internal/config/config.go:153.2,154.16 2 0
github.com/iilei/nopii/internal/config/config.go:154.16,156.3 1 0
github.com/iilei/nopii/internal/config/config.go:157.2,157.22 1 0
github.com/iilei/nopii/internal/config/config.go:160.40,161.41 1 1
github.com/iilei/nopii/internal/config/config.go:161.41,163.3 1 0
github.com/iilei/nopii/internal/config/config.go:164.2,164.88 1 1
github.com/iilei/nopii/internal/config/config.go:164.88,166.3 1 0
github.com/iilei/nopii/internal/config/config.go:167.2,167.93 1 1
github.com/iilei/nopii/internal/config/config.go:167.93,169.3 1 0
github.com/iilei/nopii/internal/config/config.go:170.2,170.12 1 1
github.com/iilei/nopii/internal/config/config.go:173.48,176.16 2 1
github.com/iilei/nopii/internal/config/config.go:176.16,178.3 1 0
github.com/iilei/nopii/internal/config/config.go:179.2,179.15 1 1
github.com/iilei/nopii/internal/config/config.go:179.15,179.32 1 1
github.com/iilei/nopii/internal/config/config.go:180.2,183.21 4 1
github.com/iilei/nopii/internal/config/config.go:183.21,186.16 3 1
github.com/iilei/nopii/internal/config/config.go:186.16,187.12 1 0
github.com/iilei/nopii/internal/config/config.go:189.3,189.65 1 1
github.com/iilei/nopii/internal/config/config.go:189.65,191.12 2 1
github.com/iilei/nopii/internal/config/config.go:193.3,194.35 2 1
github.com/iilei/nopii/internal/config/config.go:194.35,196.4 1 0
github.com/iilei/nopii/internal/config/config.go:197.3,200.20 4 1
github.com/iilei/nopii/internal/config/config.go:200.20,202.4 1 1
github.com/iilei/nopii/internal/config/config.go:203.3,203.50 1 1
github.com/iilei/nopii/internal/config/config.go:203.50,205.4 1 0
github.com/iilei/nopii/internal/config/config.go:207.2,207.22 1 1
github.com/iilei/nopii/internal/config/config.go:210.36,213.22 3 1
github.com/iilei/nopii/internal/config/config.go:213.22,214.35 1 1
github.com/iilei/nopii/internal/config/config.go:214.35,216.12 2 0
github.com/iilei/nopii/internal/config/config.go:218.3,218.23 1 1
github.com/iilei/nopii/internal/config/config.go:218.23,220.4 1 1
github.com/iilei/nopii/internal/config/config.go:221.3,221.27 1 1
github.com/iilei/nopii/internal/config/config.go:221.27,223.4 1 0
github.com/iilei/nopii/internal/config/config.go:224.3,224.14 1 1
github.com/iilei/nopii/internal/config/config.go:226.2,226.10 1 1
github.com/iilei/nopii/internal/config/config.go:229.44,230.34 1 1
github.com/iilei/nopii/internal/config/config.go:230.34,231.10 1 1
github.com/iilei/nopii/internal/config/config.go:232.42,234.18 2 1
github.com/iilei/nopii/internal/config/config.go:234.18,236.5 1 0
github.com/iilei/nopii/internal/config/config.go:237.4,237.17 1 1
github.com/iilei/nopii/internal/config/config.go:238.44,241.44 1 1
github.com/iilei/nopii/internal/config/config.go:241.44,243.5 1 1
github.com/iilei/nopii/internal/config/config.go:244.4,244.31 1 0
github.com/iilei/nopii/internal/config/config.go:247.2,247.60 1 0
github.com/iilei/nopii/internal/config/config.go:250.40,252.16 2 0
github.com/iilei/nopii/internal/config/config.go:252.16,254.3 1 0
github.com/iilei/nopii/internal/config/config.go:255.2,255.15 1 0
github.com/iilei/nopii/internal/config/config.go:258.38,260.16 2 1
github.com/iilei/nopii/internal/config/config.go:260.16,262.3 1 0
github.com/iilei/nopii/internal/config/config.go:263.2,263.15 1 1
github.com/iilei/nopii/internal/config/config.go:266.45,267.42 1 1
github.com/iilei/nopii/internal/config/config.go:267.42,269.3 1 1
github.com/iilei/nopii/internal/config/config.go:270.2,270.32 1 1
github.com/iilei/nopii/internal/config/config.go:273.51,274.11 1 1
github.com/iilei/nopii/internal/config/config.go:275.17,278.11 3 1
github.com/iilei/nopii/internal/config/config.go:279.15,282.11 3 0
github.com/iilei/nopii/internal/config/config.go:283.17,286.11 3 0
github.com/iilei/nopii/internal/config/config.go:287.18,290.11 3 0
github.com/iilei/nopii/internal/config/config.go:291.29,294.11 3 0
github.com/iilei/nopii/internal/config/config.go:295.27,298.11 3 0
github.com/iilei/nopii/internal/config/config.go:299.26,302.11 3 0
github.com/iilei/nopii/internal/config/config.go:303.26,306.11 3 0
github.com/iilei/nopii/internal/config/config.go:307.27,310.11 3 0
github.com/iilei/nopii/internal/config/config.go:311.32,314.11 3 0
github.com/iilei/nopii/internal/config/config.go:315.44,318.11 3 0
github.com/iilei/nopii/internal/config/config.go:319.10,320.48 1 0
github.com/iilei/nopii/internal/config/config.go:324.55,325.26 1 1
github.com/iilei/nopii/internal/config/config.go:325.26,327.3 1 0
github.com/iilei/nopii/internal/config/config.go:328.2,332.21 5 1
github.com/iilei/nopii/internal/config/config.go:332.21,337.3 4 0
github.com/iilei/nopii/internal/config/config.go:338.2,340.15 3 1
github.com/iilei/nopii/internal/config/config.go:341.15,342.18 1 1
github.com/iilei/nopii/internal/config/config.go:343.17,344.20 1 1
github.com/iilei/nopii/internal/config/config.go:345.10,346.58 1 0
github.com/iilei/nopii/internal/config/config.go:348.2,349.10 2 1
github.com/iilei/nopii/internal/config/config.go:352.26,354.2 1 1
github.com/iilei/nopii/internal/config/config.go:356.26,365.2 8 1
github.com/iilei/nopii/internal/config/config.go:367.46,368.34 1 1
github.com/iilei/nopii/internal/config/config.go:368.34,370.3 1 0
github.com/iilei/nopii/internal/config/config.go:373.42,374.34 1 1
github.com/iilei/nopii/internal/config/config.go:374.34,375.41 1 0
github.com/iilei/nopii/internal/config/config.go:375.41,377.4 1 0
github.com/iilei/nopii/internal/config/config.go:381.40,382.34 1 1
github.com/iilei/nopii/internal/config/config.go:382.34,383.44 1 0
github.com/iilei/nopii/internal/config/config.go:383.44,385.4 1 0
github.com/iilei/nopii/internal/config/config.go:389.39,390.37 1 1
github.com/iilei/nopii/internal/config/config.go:390.37,392.32 2 1
github.com/iilei/nopii/internal/config/config.go:392.32,393.12 1 0
github.com/iilei/nopii/internal/config/config.go:395.3,396.51 2 1
github.com/iilei/nopii/internal/config/config.go:396.51,397.12 1 1
github.com/iilei/nopii/internal/config/config.go:399.3,399.30 1 0
github.com/iilei/nopii/internal/config/config.go:399.30,401.4 1 0
github.com/iilei/nopii/internal/config/config.go:402.3,403.33 2 0
github.com/iilei/nopii/internal/config/config.go:407.42,408.46 1 1
github.com/iilei/nopii/internal/config/config.go:408.46,409.29 1 1
github.com/iilei/nopii/internal/config/config.go:409.29,411.4 1 0
github.com/iilei/nopii/internal/config/config.go:412.3,412.76 1 1
github.com/iilei/nopii/internal/config/config.go:412.76,414.4 1 0
github.com/iilei/nopii/internal/config/config.go:415.3,415.35 1 1
github.com/iilei/nopii/internal/config/config.go:419.33,419.82 1 1
github.com/iilei/nopii/internal/config/config.go:420.39,422.16 2 1
github.com/iilei/nopii/internal/config/config.go:422.16,424.3 1 0
github.com/iilei/nopii/internal/config/config.go:425.2,425.96 1 1
github.com/iilei/nopii/internal/config/key.go:12.105,13.16 1 0
github.com/iilei/nopii/internal/config/key.go:13.16,15.3 1 0
github.com/iilei/nopii/internal/config/key.go:16.2,16.23 1 0
github.com/iilei/nopii/internal/config/key.go:16.23,18.18 2 0
github.com/iilei/nopii/internal/config/key.go:18.18,20.4 1 0
github.com/iilei/nopii/internal/config/key.go:21.3,21.25 1 0
github.com/iilei/nopii/internal/config/key.go:23.2,23.24 1 0
github.com/iilei/nopii/internal/config/key.go:23.24,26.17 2 0
github.com/iilei/nopii/internal/config/key.go:26.17,28.4 1 0
github.com/iilei/nopii/internal/config/key.go:29.3,30.18 2 0
github.com/iilei/nopii/internal/config/key.go:30.18,32.4 1 0
github.com/iilei/nopii/internal/config/key.go:33.3,33.40 1 0
github.com/iilei/nopii/internal/config/key.go:35.2,35.23 1 0
github.com/iilei/nopii/internal/config/key.go:35.23,36.56 1 0
github.com/iilei/nopii/internal/config/key.go:36.56,38.4 1 0
github.com/iilei/nopii/internal/config/key.go:39.3,39.80 1 0
github.com/iilei/nopii/internal/config/key.go:41.2,41.24 1 0
github.com/iilei/nopii/internal/config/key.go:41.24,44.17 2 0
github.com/iilei/nopii/internal/config/key.go:44.17,46.4 1 0
github.com/iilei/nopii/internal/config/key.go:47.3,48.18 2 0
github.com/iilei/nopii/internal/config/key.go:48.18,50.4 1 0
github.com/iilei/nopii/internal/config/key.go:51.3,51.40 1 0
github.com/iilei/nopii/internal/config/key.go:53.2,53.55 1 0
github.com/iilei/nopii/internal/config/key.go:53.55,55.3 1 0
github.com/iilei/nopii/internal/config/key.go:56.2,56.87 1 0
github.com/iilei/nopii/internal/stream/dateclamp.go:8.65,9.48 1 1
github.com/iilei/nopii/internal/stream/dateclamp.go:9.48,11.3 1 1
github.com/iilei/nopii/internal/stream/dateclamp.go:12.2,13.21 2 1
github.com/iilei/nopii/internal/stream/git.go:43.101,45.2 1 1
github.com/iilei/nopii/internal/stream/git.go:47.61,49.16 2 1
github.com/iilei/nopii/internal/stream/git.go:49.16,51.3 1 0
github.com/iilei/nopii/internal/stream/git.go:52.2,52.20 1 1
github.com/iilei/nopii/internal/stream/git.go:52.20,54.3 1 1
github.com/iilei/nopii/internal/stream/git.go:55.2,56.12 2 0
github.com/iilei/nopii/internal/stream/git.go:61.33,63.2 1 1
github.com/iilei/nopii/internal/stream/git.go:65.61,67.27 2 1
github.com/iilei/nopii/internal/stream/git.go:67.27,69.37 2 1
github.com/iilei/nopii/internal/stream/git.go:69.37,70.12 1 1
github.com/iilei/nopii/internal/stream/git.go:74.3,75.17 2 1
github.com/iilei/nopii/internal/stream/git.go:75.17,77.4 1 0
github.com/iilei/nopii/internal/stream/git.go:78.3,78.37 1 1
github.com/iilei/nopii/internal/stream/git.go:78.37,79.12 1 0
github.com/iilei/nopii/internal/stream/git.go:81.3,81.47 1 1
github.com/iilei/nopii/internal/stream/git.go:81.47,83.4 1 0
github.com/iilei/nopii/internal/stream/git.go:85.2,85.12 1 1
github.com/iilei/nopii/internal/stream/git.go:88.52,90.73 2 1
github.com/iilei/nopii/internal/stream/git.go:90.73,95.3 1 0
github.com/iilei/nopii/internal/stream/git.go:96.2,97.16 2 1
github.com/iilei/nopii/internal/stream/git.go:97.16,99.3 1 0
github.com/iilei/nopii/internal/stream/git.go:100.2,101.16 2 1
github.com/iilei/nopii/internal/stream/git.go:101.16,103.3 1 0
github.com/iilei/nopii/internal/stream/git.go:104.2,114.8 1 1
github.com/iilei/nopii/internal/stream/git.go:117.58,119.13 2 1
github.com/iilei/nopii/internal/stream/git.go:119.13,121.3 1 0
github.com/iilei/nopii/internal/stream/git.go:122.2,123.46 2 1
github.com/iilei/nopii/internal/stream/git.go:123.46,125.3 1 1
github.com/iilei/nopii/internal/stream/git.go:126.2,129.31 4 1
github.com/iilei/nopii/internal/stream/git.go:129.31,131.3 1 1
github.com/iilei/nopii/internal/stream/git.go:132.2,132.25 1 1
github.com/iilei/nopii/internal/stream/git.go:135.64,137.16 2 1
github.com/iilei/nopii/internal/stream/git.go:137.16,139.3 1 0
github.com/iilei/nopii/internal/stream/git.go:140.2,142.65 3 1
github.com/iilei/nopii/internal/stream/git.go:142.65,144.3 1 0
github.com/iilei/nopii/internal/stream/git.go:145.2,145.21 1 1
github.com/iilei/nopii/internal/stream/git.go:145.21,146.70 1 1
github.com/iilei/nopii/internal/stream/git.go:146.70,148.4 1 0
github.com/iilei/nopii/internal/stream/git.go:150.2,155.16 1 1
github.com/iilei/nopii/internal/stream/git.go:155.16,157.3 1 0
github.com/iilei/nopii/internal/stream/git.go:158.2,163.16 1 1
github.com/iilei/nopii/internal/stream/git.go:163.16,165.3 1 0
github.com/iilei/nopii/internal/stream/git.go:166.2,166.108 1 1
github.com/iilei/nopii/internal/stream/git.go:166.108,168.3 1 0
github.com/iilei/nopii/internal/stream/git.go:172.2,172.68 1 1
github.com/iilei/nopii/internal/stream/git.go:172.68,174.3 1 0
github.com/iilei/nopii/internal/stream/git.go:175.2,175.51 1 1
github.com/iilei/nopii/internal/stream/git.go:175.51,176.44 1 1
github.com/iilei/nopii/internal/stream/git.go:176.44,178.4 1 0
github.com/iilei/nopii/internal/stream/git.go:180.2,181.12 2 1
github.com/iilei/nopii/internal/stream/git.go:188.83,191.14 3 1
github.com/iilei/nopii/internal/stream/git.go:191.14,193.3 1 1
github.com/iilei/nopii/internal/stream/git.go:194.2,195.86 2 0
github.com/iilei/nopii/internal/stream/git.go:195.86,197.38 2 0
github.com/iilei/nopii/internal/stream/git.go:197.38,198.12 1 0
github.com/iilei/nopii/internal/stream/git.go:200.3,200.77 1 0
github.com/iilei/nopii/internal/stream/git.go:200.77,202.4 1 0
github.com/iilei/nopii/internal/stream/git.go:204.2,204.23 1 0
github.com/iilei/nopii/internal/stream/git.go:207.53,208.22 1 1
github.com/iilei/nopii/internal/stream/git.go:208.22,210.3 1 1
github.com/iilei/nopii/internal/stream/git.go:211.2,212.16 2 0
github.com/iilei/nopii/internal/stream/git.go:212.16,214.3 1 0
github.com/iilei/nopii/internal/stream/git.go:215.2,215.59 1 0
github.com/iilei/nopii/internal/recognizer/recognizer.go:36.41,38.2 1 1
github.com/iilei/nopii/internal/recognizer/recognizer.go:40.64,41.16 1 1
github.com/iilei/nopii/internal/recognizer/recognizer.go:41.16,43.3 1 1
github.com/iilei/nopii/internal/recognizer/recognizer.go:44.2,45.16 2 1
github.com/iilei/nopii/internal/recognizer/recognizer.go:45.16,47.3 1 0
github.com/iilei/nopii/internal/recognizer/recognizer.go:48.2,48.27 1 1
github.com/iilei/nopii/internal/recognizer/recognizer.go:48.27,53.3 1 1
github.com/iilei/nopii/internal/recognizer/recognizer.go:54.2,54.26 1 1
github.com/iilei/nopii/internal/recognizer/recognizer.go:54.26,65.3 1 1
github.com/iilei/nopii/internal/recognizer/recognizer.go:66.2,66.26 1 1
github.com/iilei/nopii/internal/recognizer/recognizer.go:66.26,75.3 1 1
github.com/iilei/nopii/internal/recognizer/recognizer.go:76.2,76.27 1 1
github.com/iilei/nopii/internal/recognizer/recognizer.go:76.27,81.3 1 1
github.com/iilei/nopii/internal/recognizer/recognizer.go:82.2,82.62 1 1
github.com/iilei/nopii/internal/recognizer/recognizer.go:82.62,88.3 1 1
github.com/iilei/nopii/internal/recognizer/recognizer.go:89.2,89.61 1 1
github.com/iilei/nopii/internal/recognizer/recognizer.go:89.61,91.3 1 1
github.com/iilei/nopii/internal/recognizer/recognizer.go:92.2,92.48 1 1
github.com/iilei/nopii/internal/recognizer/recognizer.go:92.48,94.20 2 1
github.com/iilei/nopii/internal/recognizer/recognizer.go:94.20,95.50 1 0
github.com/iilei/nopii/internal/recognizer/recognizer.go:95.50,97.5 1 0
github.com/iilei/nopii/internal/recognizer/recognizer.go:99.3,99.20 1 1
github.com/iilei/nopii/internal/recognizer/recognizer.go:99.20,100.12 1 0
github.com/iilei/nopii/internal/recognizer/recognizer.go:102.3,103.37 2 1
github.com/iilei/nopii/internal/recognizer/recognizer.go:103.37,105.4 1 0
github.com/iilei/nopii/internal/recognizer/recognizer.go:106.3,107.17 2 1
github.com/iilei/nopii/internal/recognizer/recognizer.go:107.17,108.12 1 0
github.com/iilei/nopii/internal/recognizer/recognizer.go:110.3,110.86 1 1
github.com/iilei/nopii/internal/recognizer/recognizer.go:112.2,112.40 1 1
github.com/iilei/nopii/internal/recognizer/recognizer.go:115.70,118.148 3 1
github.com/iilei/nopii/internal/recognizer/recognizer.go:118.148,123.3 4 1
github.com/iilei/nopii/internal/recognizer/recognizer.go:124.2,125.21 2 1
github.com/iilei/nopii/internal/recognizer/recognizer.go:128.47,130.28 2 1
github.com/iilei/nopii/internal/recognizer/recognizer.go:130.28,131.62 1 1
github.com/iilei/nopii/internal/recognizer/recognizer.go:131.62,133.55 2 1
github.com/iilei/nopii/internal/recognizer/recognizer.go:133.55,135.5 1 1
github.com/iilei/nopii/internal/recognizer/recognizer.go:136.4,139.5 1 1
github.com/iilei/nopii/internal/recognizer/recognizer.go:142.2,142.18 1 1
github.com/iilei/nopii/internal/recognizer/recognizer.go:142.18,144.3 1 0
github.com/iilei/nopii/internal/recognizer/recognizer.go:145.2,145.37 1 1
github.com/iilei/nopii/internal/recognizer/recognizer.go:145.37,146.33 1 1
github.com/iilei/nopii/internal/recognizer/recognizer.go:146.33,147.30 1 1
github.com/iilei/nopii/internal/recognizer/recognizer.go:147.30,148.41 1 1
github.com/iilei/nopii/internal/recognizer/recognizer.go:148.41,150.6 1 0
github.com/iilei/nopii/internal/recognizer/recognizer.go:151.5,151.43 1 1
github.com/iilei/nopii/internal/recognizer/recognizer.go:153.4,153.32 1 0
github.com/iilei/nopii/internal/recognizer/recognizer.go:155.3,155.35 1 1
github.com/iilei/nopii/internal/recognizer/recognizer.go:157.2,158.23 2 1
github.com/iilei/nopii/internal/recognizer/recognizer.go:158.23,159.25 1 1
github.com/iilei/nopii/internal/recognizer/recognizer.go:159.25,161.12 2 1
github.com/iilei/nopii/internal/recognizer/recognizer.go:163.3,164.26 2 1
github.com/iilei/nopii/internal/recognizer/recognizer.go:164.26,166.12 2 1
github.com/iilei/nopii/internal/recognizer/recognizer.go:168.3,170.98 1 1
github.com/iilei/nopii/internal/recognizer/recognizer.go:170.98,172.4 1 1
github.com/iilei/nopii/internal/recognizer/recognizer.go:174.2,176.29 3 1
github.com/iilei/nopii/internal/recognizer/recognizer.go:176.29,178.62 2 1
github.com/iilei/nopii/internal/recognizer/recognizer.go:178.62,180.4 1 1
github.com/iilei/nopii/internal/recognizer/recognizer.go:180.9,182.4 1 1
github.com/iilei/nopii/internal/recognizer/recognizer.go:183.3,183.14 1 1
github.com/iilei/nopii/internal/recognizer/recognizer.go:185.2,186.20 2 1
github.com/iilei/nopii/internal/gitinit/gitinit.go:21.24,21.53 1 0
github.com/iilei/nopii/internal/gitinit/gitinit.go:24.49,26.12 2 0
github.com/iilei/nopii/internal/gitinit/gitinit.go:26.12,28.3 1 0
github.com/iilei/nopii/internal/gitinit/gitinit.go:28.8,30.3 1 0
github.com/iilei/nopii/internal/gitinit/gitinit.go:31.2,35.34 5 0
github.com/iilei/nopii/internal/gitinit/gitinit.go:35.34,37.31 2 0
github.com/iilei/nopii/internal/gitinit/gitinit.go:37.31,39.4 1 0
github.com/iilei/nopii/internal/gitinit/gitinit.go:40.3,40.24 1 0
github.com/iilei/nopii/internal/gitinit/gitinit.go:42.2,42.51 1 0
github.com/iilei/nopii/internal/gitinit/gitinit.go:45.50,47.16 2 0
github.com/iilei/nopii/internal/gitinit/gitinit.go:47.16,49.3 1 0
github.com/iilei/nopii/internal/gitinit/gitinit.go:50.2,50.33 1 0
github.com/iilei/nopii/internal/gitinit/gitinit.go:50.33,52.3 1 0
github.com/iilei/nopii/internal/gitinit/gitinit.go:53.2,53.22 1 0
github.com/iilei/nopii/internal/gitinit/gitinit.go:53.22,55.3 1 0
github.com/iilei/nopii/internal/gitinit/gitinit.go:56.2,57.12 2 0
github.com/iilei/nopii/internal/gitinit/gitinit.go:57.12,59.3 1 0
github.com/iilei/nopii/internal/gitinit/gitinit.go:59.8,61.3 1 0
github.com/iilei/nopii/internal/gitinit/gitinit.go:62.2,64.50 3 0
github.com/iilei/nopii/internal/gitinit/gitinit.go:64.50,66.3 1 0
github.com/iilei/nopii/internal/gitinit/gitinit.go:67.2,67.50 1 0
github.com/iilei/nopii/internal/gitinit/gitinit.go:74.70,76.12 2 0
github.com/iilei/nopii/internal/gitinit/gitinit.go:76.12,78.3 1 0
github.com/iilei/nopii/internal/gitinit/gitinit.go:78.8,80.3 1 0
github.com/iilei/nopii/internal/gitinit/gitinit.go:81.2,83.16 3 0
github.com/iilei/nopii/internal/gitinit/gitinit.go:83.16,85.31 2 0
github.com/iilei/nopii/internal/gitinit/gitinit.go:85.31,87.4 1 0
github.com/iilei/nopii/internal/gitinit/gitinit.go:88.3,88.21 1 0
github.com/iilei/nopii/internal/gitinit/gitinit.go:90.2,90.46 1 0
github.com/iilei/nopii/internal/gitinit/gitinit.go:90.46,93.3 1 0
github.com/iilei/nopii/internal/gitinit/gitinit.go:94.2,94.20 1 0
github.com/iilei/nopii/internal/gitinit/gitinit.go:97.32,99.12 2 0
github.com/iilei/nopii/internal/gitinit/gitinit.go:99.12,101.3 1 0
github.com/iilei/nopii/internal/gitinit/gitinit.go:101.8,103.3 1 0
github.com/iilei/nopii/internal/gitinit/gitinit.go:104.2,106.50 3 0
github.com/iilei/nopii/internal/gitinit/gitinit.go:106.50,108.31 2 0
github.com/iilei/nopii/internal/gitinit/gitinit.go:108.31,110.4 1 0
github.com/iilei/nopii/internal/gitinit/gitinit.go:111.3,111.79 1 0
github.com/iilei/nopii/internal/gitinit/gitinit.go:113.2,113.12 1 0
github.com/iilei/nopii/internal/doctor/doctor.go:23.54,25.19 2 0
github.com/iilei/nopii/internal/doctor/doctor.go:25.19,27.3 1 0
github.com/iilei/nopii/internal/doctor/doctor.go:27.8,29.3 1 0
github.com/iilei/nopii/internal/doctor/doctor.go:30.2,30.48 1 0
github.com/iilei/nopii/internal/doctor/doctor.go:30.48,32.3 1 0
github.com/iilei/nopii/internal/doctor/doctor.go:32.8,34.10 2 0
github.com/iilei/nopii/internal/doctor/doctor.go:35.19,36.63 1 0
github.com/iilei/nopii/internal/doctor/doctor.go:37.16,38.106 1 0
github.com/iilei/nopii/internal/doctor/doctor.go:39.34,40.97 1 0
github.com/iilei/nopii/internal/doctor/doctor.go:41.11,42.78 1 0
github.com/iilei/nopii/internal/doctor/doctor.go:45.2,45.16 1 0
github.com/iilei/nopii/internal/doctor/doctor.go:45.16,46.32 1 0
github.com/iilei/nopii/internal/doctor/doctor.go:46.32,48.4 1 0
github.com/iilei/nopii/internal/doctor/doctor.go:50.2,50.12 1 0
github.com/iilei/nopii/internal/configinit/configinit.go:45.53,47.51 2 0
github.com/iilei/nopii/internal/configinit/configinit.go:47.51,49.3 1 0
github.com/iilei/nopii/internal/configinit/configinit.go:50.2,50.71 1 0
github.com/iilei/nopii/internal/configinit/configinit.go:50.71,52.3 1 0
github.com/iilei/nopii/internal/configinit/configinit.go:53.2,53.18 1 0
